-------------------------------------------------------------------------------
Test set: com.functional.todo.TasksTest
-------------------------------------------------------------------------------
Tests run: 6, Failures: 0, Errors: 1, Skipped: 0, Time elapsed: 27.20 s <<< FAILURE! -- in com.functional.todo.TasksTest
com.functional.todo.TasksTest.shouldBePossibleToRemoveTasksWhenClickOnRemoveButton -- Time elapsed: 4.464 s <<< ERROR!
org.openqa.selenium.StaleElementReferenceException: 
The element with the reference 215eeff8-326d-4110-b0af-8170993685f9 is stale; either its node document is not the active document, or it is no longer connected to the DOM
For documentation on this error, please visit: https://www.selenium.dev/documentation/webdriver/troubleshooting/errors#staleelementreferenceexception
Build info: version: '4.44.0', revision: 'da2039b'
System info: os.name: 'Linux', os.arch: 'amd64', os.version: '6.18.12+kali-amd64', java.version: '21.0.11'
Driver info: org.openqa.selenium.firefox.FirefoxDriver
Command: [1a9473bd-9a24-49c4-b542-3c211cb170bf, clickElement {id=215eeff8-326d-4110-b0af-8170993685f9}]
Capabilities {acceptInsecureCerts: true, browserName: firefox, browserVersion: 140.8.0, moz:accessibilityChecks: false, moz:buildID: 20260217105505, moz:geckodriverVersion: 0.37.0, moz:headless: false, moz:platformVersion: 6.18.12+kali-amd64, moz:processID: 198678, moz:profile: /tmp/rust_mozprofileZXFRp9, moz:shutdownTimeout: 60000, moz:webdriverClick: true, moz:windowless: false, pageLoadStrategy: normal, platformName: linux, proxy: Proxy(), setWindowRect: true, strictFileInteractability: false, timeouts: {implicit: 0, pageLoad: 300000, script: 30000}, unhandledPromptBehavior: dismiss and notify, userAgent: Mozilla/5.0 (X11; Linux x86...}
Element: [[FirefoxDriver: firefox on linux (1a9473bd-9a24-49c4-b542-3c211cb170bf)] -> css selector: #tasksList > li a[href]:first-of-type]
Session ID: 1a9473bd-9a24-49c4-b542-3c211cb170bf
	at org.openqa.selenium.remote.ErrorCodec.decode(ErrorCodec.java:169)
	at org.openqa.selenium.remote.codec.w3c.W3CHttpResponseCodec.decode(W3CHttpResponseCodec.java:143)
	at org.openqa.selenium.remote.codec.w3c.W3CHttpResponseCodec.decode(W3CHttpResponseCodec.java:50)
	at org.openqa.selenium.remote.HttpCommandExecutor.execute(HttpCommandExecutor.java:224)
	at org.openqa.selenium.remote.service.DriverCommandExecutor.invokeExecute(DriverCommandExecutor.java:217)
	at org.openqa.selenium.remote.service.DriverCommandExecutor.execute(DriverCommandExecutor.java:175)
	at org.openqa.selenium.remote.RemoteWebDriver.execute(RemoteWebDriver.java:600)
	at org.openqa.selenium.remote.RemoteWebElement.execute(RemoteWebElement.java:225)
	at org.openqa.selenium.remote.RemoteWebElement.click(RemoteWebElement.java:79)
	at com.functional.todo.TasksTest.shouldBePossibleToRemoveTasksWhenClickOnRemoveButton(TasksTest.java:141)
	at java.base/java.lang.reflect.Method.invoke(Method.java:580)
	at java.base/java.util.ArrayList.forEach(ArrayList.java:1596)
	at java.base/java.util.ArrayList.forEach(ArrayList.java:1596)

