<?xml version="1.0" encoding="UTF-8"?>
<testsuite xmlns:xsi="http://www.w3.org/2001/XMLSchema-instance" xsi:noNamespaceSchemaLocation="https://maven.apache.org/surefire/maven-surefire-plugin/xsd/surefire-test-report.xsd" version="3.0.1" name="com.functional.todo.TasksTest" time="27.203" tests="6" errors="1" skipped="0" failures="0">
  <properties>
[...]
</properties>
  <testcase name="shouldBePossibleToRemoveTasksWhenClickOnRemoveButton" classname="com.functional.todo.TasksTest" time="4.464">
    <error message="The element with the reference 215eeff8-326d-4110-b0af-8170993685f9 is stale; either its node document is not the active document, or it is no longer connected to the DOM&#10;For documentation on this error, please visit: https://www.selenium.dev/documentation/webdriver/troubleshooting/errors#staleelementreferenceexception&#10;Build info: version: &apos;4.44.0&apos;, revision: &apos;da2039b&apos;&#10;System info: os.name: &apos;Linux&apos;, os.arch: &apos;amd64&apos;, os.version: &apos;6.18.12+kali-amd64&apos;, java.version: &apos;21.0.11&apos;&#10;Driver info: org.openqa.selenium.firefox.FirefoxDriver&#10;Command: [1a9473bd-9a24-49c4-b542-3c211cb170bf, clickElement {id=215eeff8-326d-4110-b0af-8170993685f9}]&#10;Capabilities {acceptInsecureCerts: true, browserName: firefox, browserVersion: 140.8.0, moz:accessibilityChecks: false, moz:buildID: 20260217105505, moz:geckodriverVersion: 0.37.0, moz:headless: false, moz:platformVersion: 6.18.12+kali-amd64, moz:processID: 198678, moz:profile: /tmp/rust_mozprofileZXFRp9, moz:shutdownTimeout: 60000, moz:webdriverClick: true, moz:windowless: false, pageLoadStrategy: normal, platformName: linux, proxy: Proxy(), setWindowRect: true, strictFileInteractability: false, timeouts: {implicit: 0, pageLoad: 300000, script: 30000}, unhandledPromptBehavior: dismiss and notify, userAgent: Mozilla/5.0 (X11; Linux x86...}&#10;Element: [[FirefoxDriver: firefox on linux (1a9473bd-9a24-49c4-b542-3c211cb170bf)] -&gt; css selector: #tasksList &gt; li a[href]:first-of-type]&#10;Session ID: 1a9473bd-9a24-49c4-b542-3c211cb170bf" type="org.openqa.selenium.StaleElementReferenceException"><![CDATA[org.openqa.selenium.StaleElementReferenceException: 
The element with the reference 215eeff8-326d-4110-b0af-8170993685f9 is stale; either its node document is not the active document, or it is no longer connected to the DOM
For documentation on this error, please visit: https://www.selenium.dev/documentation/webdriver/troubleshooting/errors#staleelementreferenceexception
Build info: version: '4.44.0', revision: 'da2039b'
System info: os.name: 'Linux', os.arch: 'amd64', os.version: '6.18.12+kali-amd64', java.version: '21.0.11'
Driver info: org.openqa.selenium.firefox.FirefoxDriver
Command: [1a9473bd-9a24-49c4-b542-3c211cb170bf, clickElement {id=215eeff8-326d-4110-b0af-8170993685f9}]
Capabilities {acceptInsecureCerts: true, browserName: firefox, browserVersion: 140.8.0, moz:accessibilityChecks: false, moz:buildID: 20260217105505, moz:geckodriverVersion: 0.37.0, moz:headless: false, moz:platformVersion: 6.18.12+kali-amd64, moz:processID: 198678, moz:profile: /tmp/rust_mozprofileZXFRp9, moz:shutdownTimeout: 60000, moz:webdriverClick: true, moz:windowless: false, pageLoadStrategy: normal, platformName: linux, proxy: Proxy(), setWindowRect: true, strictFileInteractability: false, timeouts: {implicit: 0, pageLoad: 300000, script: 30000}, unhandledPromptBehavior: dismiss and notify, userAgent: Mozilla/5.0 (X11; Linux x86...}
Element: [[FirefoxDriver: firefox on linux (1a9473bd-9a24-49c4-b542-3c211cb170bf)] -> css selector: #tasksList > li a[href]:first-of-type]
Session ID: 1a9473bd-9a24-49c4-b542-3c211cb170bf
	at org.openqa.selenium.remote.ErrorCodec.decode(ErrorCodec.java:169)
	at org.openqa.selenium.remote.codec.w3c.W3CHttpResponseCodec.decode(W3CHttpResponseCodec.java:143)
	at org.openqa.selenium.remote.codec.w3c.W3CHttpResponseCodec.decode(W3CHttpResponseCodec.java:50)
	at org.openqa.selenium.remote.HttpCommandExecutor.execute(HttpCommandExecutor.java:224)
	at org.openqa.selenium.remote.service.DriverCommandExecutor.invokeExecute(DriverCommandExecutor.java:217)
	at org.openqa.selenium.remote.service.DriverCommandExecutor.execute(DriverCommandExecutor.java:175)
	at org.openqa.selenium.remote.RemoteWebDriver.execute(RemoteWebDriver.java:600)
	at org.openqa.selenium.remote.RemoteWebElement.execute(RemoteWebElement.java:225)
	at org.openqa.selenium.remote.RemoteWebElement.click(RemoteWebElement.java:79)
	at com.functional.todo.TasksTest.shouldBePossibleToRemoveTasksWhenClickOnRemoveButton(TasksTest.java:141)
	at java.base/java.lang.reflect.Method.invoke(Method.java:580)
	at java.base/java.util.ArrayList.forEach(ArrayList.java:1596)
	at java.base/java.util.ArrayList.forEach(ArrayList.java:1596)
]]></error>
  </testcase>
  <testcase name="shouldBePossibleToInsertMoreThanOneTaskWhenCreatingTasks" classname="com.functional.todo.TasksTest" time="4.024"/>
  <testcase name="shouldIdAttributeBePresentOnEachTaskWhenCreated" classname="com.functional.todo.TasksTest" time="3.747"/>
  <testcase name="shouldFindTasksIdSequenceWhenCreatingMultipleTasks" classname="com.functional.todo.TasksTest" time="4.1"/>
  <testcase name="shouldBePossibleToInsertTasksWhenOnTasksPage" classname="com.functional.todo.TasksTest" time="3.808"/>
  <testcase name="shouldRedirectToTasksWhenSubmitSuccessfullyOnListPage" classname="com.functional.todo.TasksTest" time="3.636"/>
</testsuite>