<?xml version="1.0" encoding="UTF-8"?>
<testsuite xmlns:xsi="http://www.w3.org/2001/XMLSchema-instance" xsi:noNamespaceSchemaLocation="https://maven.apache.org/surefire/maven-surefire-plugin/xsd/surefire-test-report.xsd" version="3.0.1" name="com.webapp.WebAppTest" time="5.07" tests="10" errors="10" skipped="0" failures="0">
  <properties>
[...]
</properties>
  <testcase name="deveRegistrarUsuarioComSucesso" classname="com.webapp.WebAppTest" time="0.161">
    <error message="Reached error page: about:neterror?e=connectionFailure&amp;u=http%3A//localhost%3A8000/users/delete/all&amp;c=UTF-8&amp;d=Firefox%20can%E2%80%99t%20establish%20a%20connection%20to%20the%20server%20at%20localhost%3A8000.&#10;Build info: version: &apos;4.44.0&apos;, revision: &apos;da2039b&apos;&#10;System info: os.name: &apos;Linux&apos;, os.arch: &apos;amd64&apos;, os.version: &apos;6.18.12+kali-amd64&apos;, java.version: &apos;21.0.11&apos;&#10;Driver info: org.openqa.selenium.firefox.FirefoxDriver&#10;Command: [a13d7b31-7fe7-43cb-9c78-a9ed13fd311f, get {url=localhost:8000/users/delete/all}]&#10;Capabilities {acceptInsecureCerts: true, browserName: firefox, browserVersion: 140.8.0, moz:accessibilityChecks: false, moz:buildID: 20260217105505, moz:geckodriverVersion: 0.37.0, moz:headless: false, moz:platformVersion: 6.18.12+kali-amd64, moz:processID: 76546, moz:profile: /tmp/rust_mozprofilen19qLg, moz:shutdownTimeout: 60000, moz:webdriverClick: true, moz:windowless: false, pageLoadStrategy: normal, platformName: linux, proxy: Proxy(), setWindowRect: true, strictFileInteractability: false, timeouts: {implicit: 0, pageLoad: 300000, script: 30000}, unhandledPromptBehavior: dismiss and notify, userAgent: Mozilla/5.0 (X11; Linux x86...}&#10;Session ID: a13d7b31-7fe7-43cb-9c78-a9ed13fd311f" type="org.openqa.selenium.WebDriverException"><![CDATA[org.openqa.selenium.WebDriverException: 
Reached error page: about:neterror?e=connectionFailure&u=http%3A//localhost%3A8000/users/delete/all&c=UTF-8&d=Firefox%20can%E2%80%99t%20establish%20a%20connection%20to%20the%20server%20at%20localhost%3A8000.
Build info: version: '4.44.0', revision: 'da2039b'
System info: os.name: 'Linux', os.arch: 'amd64', os.version: '6.18.12+kali-amd64', java.version: '21.0.11'
Driver info: org.openqa.selenium.firefox.FirefoxDriver
Command: [a13d7b31-7fe7-43cb-9c78-a9ed13fd311f, get {url=localhost:8000/users/delete/all}]
Capabilities {acceptInsecureCerts: true, browserName: firefox, browserVersion: 140.8.0, moz:accessibilityChecks: false, moz:buildID: 20260217105505, moz:geckodriverVersion: 0.37.0, moz:headless: false, moz:platformVersion: 6.18.12+kali-amd64, moz:processID: 76546, moz:profile: /tmp/rust_mozprofilen19qLg, moz:shutdownTimeout: 60000, moz:webdriverClick: true, moz:windowless: false, pageLoadStrategy: normal, platformName: linux, proxy: Proxy(), setWindowRect: true, strictFileInteractability: false, timeouts: {implicit: 0, pageLoad: 300000, script: 30000}, unhandledPromptBehavior: dismiss and notify, userAgent: Mozilla/5.0 (X11; Linux x86...}
Session ID: a13d7b31-7fe7-43cb-9c78-a9ed13fd311f
	at org.openqa.selenium.remote.ErrorCodec.decode(ErrorCodec.java:169)
	at org.openqa.selenium.remote.codec.w3c.W3CHttpResponseCodec.decode(W3CHttpResponseCodec.java:143)
	at org.openqa.selenium.remote.codec.w3c.W3CHttpResponseCodec.decode(W3CHttpResponseCodec.java:50)
	at org.openqa.selenium.remote.HttpCommandExecutor.execute(HttpCommandExecutor.java:224)
	at org.openqa.selenium.remote.service.DriverCommandExecutor.invokeExecute(DriverCommandExecutor.java:217)
	at org.openqa.selenium.remote.service.DriverCommandExecutor.execute(DriverCommandExecutor.java:175)
	at org.openqa.selenium.remote.RemoteWebDriver.execute(RemoteWebDriver.java:600)
	at org.openqa.selenium.remote.RemoteWebDriver.get(RemoteWebDriver.java:366)
	at com.webapp.WebAppTest.init(WebAppTest.java:143)
	at java.base/java.lang.reflect.Method.invoke(Method.java:580)
	at java.base/java.util.ArrayList.forEach(ArrayList.java:1596)
	at java.base/java.util.ArrayList.forEach(ArrayList.java:1596)
]]></error>
  </testcase>
  <testcase name="deveRetornarMensagemIndicandoParaAceitarOsTermos" classname="com.webapp.WebAppTest" time="0.085">
    <error message="Reached error page: about:neterror?e=connectionFailure&amp;u=http%3A//localhost%3A8000/users/delete/all&amp;c=UTF-8&amp;d=Firefox%20can%E2%80%99t%20establish%20a%20connection%20to%20the%20server%20at%20localhost%3A8000.&#10;Build info: version: &apos;4.44.0&apos;, revision: &apos;da2039b&apos;&#10;System info: os.name: &apos;Linux&apos;, os.arch: &apos;amd64&apos;, os.version: &apos;6.18.12+kali-amd64&apos;, java.version: &apos;21.0.11&apos;&#10;Driver info: org.openqa.selenium.firefox.FirefoxDriver&#10;Command: [a13d7b31-7fe7-43cb-9c78-a9ed13fd311f, get {url=localhost:8000/users/delete/all}]&#10;Capabilities {acceptInsecureCerts: true, browserName: firefox, browserVersion: 140.8.0, moz:accessibilityChecks: false, moz:buildID: 20260217105505, moz:geckodriverVersion: 0.37.0, moz:headless: false, moz:platformVersion: 6.18.12+kali-amd64, moz:processID: 76546, moz:profile: /tmp/rust_mozprofilen19qLg, moz:shutdownTimeout: 60000, moz:webdriverClick: true, moz:windowless: false, pageLoadStrategy: normal, platformName: linux, proxy: Proxy(), setWindowRect: true, strictFileInteractability: false, timeouts: {implicit: 0, pageLoad: 300000, script: 30000}, unhandledPromptBehavior: dismiss and notify, userAgent: Mozilla/5.0 (X11; Linux x86...}&#10;Session ID: a13d7b31-7fe7-43cb-9c78-a9ed13fd311f" type="org.openqa.selenium.WebDriverException"><![CDATA[org.openqa.selenium.WebDriverException: 
Reached error page: about:neterror?e=connectionFailure&u=http%3A//localhost%3A8000/users/delete/all&c=UTF-8&d=Firefox%20can%E2%80%99t%20establish%20a%20connection%20to%20the%20server%20at%20localhost%3A8000.
Build info: version: '4.44.0', revision: 'da2039b'
System info: os.name: 'Linux', os.arch: 'amd64', os.version: '6.18.12+kali-amd64', java.version: '21.0.11'
Driver info: org.openqa.selenium.firefox.FirefoxDriver
Command: [a13d7b31-7fe7-43cb-9c78-a9ed13fd311f, get {url=localhost:8000/users/delete/all}]
Capabilities {acceptInsecureCerts: true, browserName: firefox, browserVersion: 140.8.0, moz:accessibilityChecks: false, moz:buildID: 20260217105505, moz:geckodriverVersion: 0.37.0, moz:headless: false, moz:platformVersion: 6.18.12+kali-amd64, moz:processID: 76546, moz:profile: /tmp/rust_mozprofilen19qLg, moz:shutdownTimeout: 60000, moz:webdriverClick: true, moz:windowless: false, pageLoadStrategy: normal, platformName: linux, proxy: Proxy(), setWindowRect: true, strictFileInteractability: false, timeouts: {implicit: 0, pageLoad: 300000, script: 30000}, unhandledPromptBehavior: dismiss and notify, userAgent: Mozilla/5.0 (X11; Linux x86...}
Session ID: a13d7b31-7fe7-43cb-9c78-a9ed13fd311f
	at org.openqa.selenium.remote.ErrorCodec.decode(ErrorCodec.java:169)
	at org.openqa.selenium.remote.codec.w3c.W3CHttpResponseCodec.decode(W3CHttpResponseCodec.java:143)
	at org.openqa.selenium.remote.codec.w3c.W3CHttpResponseCodec.decode(W3CHttpResponseCodec.java:50)
	at org.openqa.selenium.remote.HttpCommandExecutor.execute(HttpCommandExecutor.java:224)
	at org.openqa.selenium.remote.service.DriverCommandExecutor.invokeExecute(DriverCommandExecutor.java:217)
	at org.openqa.selenium.remote.service.DriverCommandExecutor.execute(DriverCommandExecutor.java:175)
	at org.openqa.selenium.remote.RemoteWebDriver.execute(RemoteWebDriver.java:600)
	at org.openqa.selenium.remote.RemoteWebDriver.get(RemoteWebDriver.java:366)
	at com.webapp.WebAppTest.init(WebAppTest.java:143)
	at java.base/java.lang.reflect.Method.invoke(Method.java:580)
	at java.base/java.util.ArrayList.forEach(ArrayList.java:1596)
	at java.base/java.util.ArrayList.forEach(ArrayList.java:1596)
]]></error>
  </testcase>
  <testcase name="PaginaDeveConterTodosElementosDoFormularioDeRegistro" classname="com.webapp.WebAppTest" time="0.08">
    <error message="Reached error page: about:neterror?e=connectionFailure&amp;u=http%3A//localhost%3A8000/users/delete/all&amp;c=UTF-8&amp;d=Firefox%20can%E2%80%99t%20establish%20a%20connection%20to%20the%20server%20at%20localhost%3A8000.&#10;Build info: version: &apos;4.44.0&apos;, revision: &apos;da2039b&apos;&#10;System info: os.name: &apos;Linux&apos;, os.arch: &apos;amd64&apos;, os.version: &apos;6.18.12+kali-amd64&apos;, java.version: &apos;21.0.11&apos;&#10;Driver info: org.openqa.selenium.firefox.FirefoxDriver&#10;Command: [a13d7b31-7fe7-43cb-9c78-a9ed13fd311f, get {url=localhost:8000/users/delete/all}]&#10;Capabilities {acceptInsecureCerts: true, browserName: firefox, browserVersion: 140.8.0, moz:accessibilityChecks: false, moz:buildID: 20260217105505, moz:geckodriverVersion: 0.37.0, moz:headless: false, moz:platformVersion: 6.18.12+kali-amd64, moz:processID: 76546, moz:profile: /tmp/rust_mozprofilen19qLg, moz:shutdownTimeout: 60000, moz:webdriverClick: true, moz:windowless: false, pageLoadStrategy: normal, platformName: linux, proxy: Proxy(), setWindowRect: true, strictFileInteractability: false, timeouts: {implicit: 0, pageLoad: 300000, script: 30000}, unhandledPromptBehavior: dismiss and notify, userAgent: Mozilla/5.0 (X11; Linux x86...}&#10;Session ID: a13d7b31-7fe7-43cb-9c78-a9ed13fd311f" type="org.openqa.selenium.WebDriverException"><![CDATA[org.openqa.selenium.WebDriverException: 
Reached error page: about:neterror?e=connectionFailure&u=http%3A//localhost%3A8000/users/delete/all&c=UTF-8&d=Firefox%20can%E2%80%99t%20establish%20a%20connection%20to%20the%20server%20at%20localhost%3A8000.
Build info: version: '4.44.0', revision: 'da2039b'
System info: os.name: 'Linux', os.arch: 'amd64', os.version: '6.18.12+kali-amd64', java.version: '21.0.11'
Driver info: org.openqa.selenium.firefox.FirefoxDriver
Command: [a13d7b31-7fe7-43cb-9c78-a9ed13fd311f, get {url=localhost:8000/users/delete/all}]
Capabilities {acceptInsecureCerts: true, browserName: firefox, browserVersion: 140.8.0, moz:accessibilityChecks: false, moz:buildID: 20260217105505, moz:geckodriverVersion: 0.37.0, moz:headless: false, moz:platformVersion: 6.18.12+kali-amd64, moz:processID: 76546, moz:profile: /tmp/rust_mozprofilen19qLg, moz:shutdownTimeout: 60000, moz:webdriverClick: true, moz:windowless: false, pageLoadStrategy: normal, platformName: linux, proxy: Proxy(), setWindowRect: true, strictFileInteractability: false, timeouts: {implicit: 0, pageLoad: 300000, script: 30000}, unhandledPromptBehavior: dismiss and notify, userAgent: Mozilla/5.0 (X11; Linux x86...}
Session ID: a13d7b31-7fe7-43cb-9c78-a9ed13fd311f
	at org.openqa.selenium.remote.ErrorCodec.decode(ErrorCodec.java:169)
	at org.openqa.selenium.remote.codec.w3c.W3CHttpResponseCodec.decode(W3CHttpResponseCodec.java:143)
	at org.openqa.selenium.remote.codec.w3c.W3CHttpResponseCodec.decode(W3CHttpResponseCodec.java:50)
	at org.openqa.selenium.remote.HttpCommandExecutor.execute(HttpCommandExecutor.java:224)
	at org.openqa.selenium.remote.service.DriverCommandExecutor.invokeExecute(DriverCommandExecutor.java:217)
	at org.openqa.selenium.remote.service.DriverCommandExecutor.execute(DriverCommandExecutor.java:175)
	at org.openqa.selenium.remote.RemoteWebDriver.execute(RemoteWebDriver.java:600)
	at org.openqa.selenium.remote.RemoteWebDriver.get(RemoteWebDriver.java:366)
	at com.webapp.WebAppTest.init(WebAppTest.java:143)
	at java.base/java.lang.reflect.Method.invoke(Method.java:580)
	at java.base/java.util.ArrayList.forEach(ArrayList.java:1596)
	at java.base/java.util.ArrayList.forEach(ArrayList.java:1596)
]]></error>
  </testcase>
  <testcase name="deveRetornarMensagemIndicandoParaPreencherCampoSenha" classname="com.webapp.WebAppTest" time="0.08">
    <error message="Reached error page: about:neterror?e=connectionFailure&amp;u=http%3A//localhost%3A8000/users/delete/all&amp;c=UTF-8&amp;d=Firefox%20can%E2%80%99t%20establish%20a%20connection%20to%20the%20server%20at%20localhost%3A8000.&#10;Build info: version: &apos;4.44.0&apos;, revision: &apos;da2039b&apos;&#10;System info: os.name: &apos;Linux&apos;, os.arch: &apos;amd64&apos;, os.version: &apos;6.18.12+kali-amd64&apos;, java.version: &apos;21.0.11&apos;&#10;Driver info: org.openqa.selenium.firefox.FirefoxDriver&#10;Command: [a13d7b31-7fe7-43cb-9c78-a9ed13fd311f, get {url=localhost:8000/users/delete/all}]&#10;Capabilities {acceptInsecureCerts: true, browserName: firefox, browserVersion: 140.8.0, moz:accessibilityChecks: false, moz:buildID: 20260217105505, moz:geckodriverVersion: 0.37.0, moz:headless: false, moz:platformVersion: 6.18.12+kali-amd64, moz:processID: 76546, moz:profile: /tmp/rust_mozprofilen19qLg, moz:shutdownTimeout: 60000, moz:webdriverClick: true, moz:windowless: false, pageLoadStrategy: normal, platformName: linux, proxy: Proxy(), setWindowRect: true, strictFileInteractability: false, timeouts: {implicit: 0, pageLoad: 300000, script: 30000}, unhandledPromptBehavior: dismiss and notify, userAgent: Mozilla/5.0 (X11; Linux x86...}&#10;Session ID: a13d7b31-7fe7-43cb-9c78-a9ed13fd311f" type="org.openqa.selenium.WebDriverException"><![CDATA[org.openqa.selenium.WebDriverException: 
Reached error page: about:neterror?e=connectionFailure&u=http%3A//localhost%3A8000/users/delete/all&c=UTF-8&d=Firefox%20can%E2%80%99t%20establish%20a%20connection%20to%20the%20server%20at%20localhost%3A8000.
Build info: version: '4.44.0', revision: 'da2039b'
System info: os.name: 'Linux', os.arch: 'amd64', os.version: '6.18.12+kali-amd64', java.version: '21.0.11'
Driver info: org.openqa.selenium.firefox.FirefoxDriver
Command: [a13d7b31-7fe7-43cb-9c78-a9ed13fd311f, get {url=localhost:8000/users/delete/all}]
Capabilities {acceptInsecureCerts: true, browserName: firefox, browserVersion: 140.8.0, moz:accessibilityChecks: false, moz:buildID: 20260217105505, moz:geckodriverVersion: 0.37.0, moz:headless: false, moz:platformVersion: 6.18.12+kali-amd64, moz:processID: 76546, moz:profile: /tmp/rust_mozprofilen19qLg, moz:shutdownTimeout: 60000, moz:webdriverClick: true, moz:windowless: false, pageLoadStrategy: normal, platformName: linux, proxy: Proxy(), setWindowRect: true, strictFileInteractability: false, timeouts: {implicit: 0, pageLoad: 300000, script: 30000}, unhandledPromptBehavior: dismiss and notify, userAgent: Mozilla/5.0 (X11; Linux x86...}
Session ID: a13d7b31-7fe7-43cb-9c78-a9ed13fd311f
	at org.openqa.selenium.remote.ErrorCodec.decode(ErrorCodec.java:169)
	at org.openqa.selenium.remote.codec.w3c.W3CHttpResponseCodec.decode(W3CHttpResponseCodec.java:143)
	at org.openqa.selenium.remote.codec.w3c.W3CHttpResponseCodec.decode(W3CHttpResponseCodec.java:50)
	at org.openqa.selenium.remote.HttpCommandExecutor.execute(HttpCommandExecutor.java:224)
	at org.openqa.selenium.remote.service.DriverCommandExecutor.invokeExecute(DriverCommandExecutor.java:217)
	at org.openqa.selenium.remote.service.DriverCommandExecutor.execute(DriverCommandExecutor.java:175)
	at org.openqa.selenium.remote.RemoteWebDriver.execute(RemoteWebDriver.java:600)
	at org.openqa.selenium.remote.RemoteWebDriver.get(RemoteWebDriver.java:366)
	at com.webapp.WebAppTest.init(WebAppTest.java:143)
	at java.base/java.lang.reflect.Method.invoke(Method.java:580)
	at java.base/java.util.ArrayList.forEach(ArrayList.java:1596)
	at java.base/java.util.ArrayList.forEach(ArrayList.java:1596)
]]></error>
  </testcase>
  <testcase name="deveFalharAoTentarCriarUsuarioComNomeDeUsuarioExistente" classname="com.webapp.WebAppTest" time="0.077">
    <error message="Reached error page: about:neterror?e=connectionFailure&amp;u=http%3A//localhost%3A8000/users/delete/all&amp;c=UTF-8&amp;d=Firefox%20can%E2%80%99t%20establish%20a%20connection%20to%20the%20server%20at%20localhost%3A8000.&#10;Build info: version: &apos;4.44.0&apos;, revision: &apos;da2039b&apos;&#10;System info: os.name: &apos;Linux&apos;, os.arch: &apos;amd64&apos;, os.version: &apos;6.18.12+kali-amd64&apos;, java.version: &apos;21.0.11&apos;&#10;Driver info: org.openqa.selenium.firefox.FirefoxDriver&#10;Command: [a13d7b31-7fe7-43cb-9c78-a9ed13fd311f, get {url=localhost:8000/users/delete/all}]&#10;Capabilities {acceptInsecureCerts: true, browserName: firefox, browserVersion: 140.8.0, moz:accessibilityChecks: false, moz:buildID: 20260217105505, moz:geckodriverVersion: 0.37.0, moz:headless: false, moz:platformVersion: 6.18.12+kali-amd64, moz:processID: 76546, moz:profile: /tmp/rust_mozprofilen19qLg, moz:shutdownTimeout: 60000, moz:webdriverClick: true, moz:windowless: false, pageLoadStrategy: normal, platformName: linux, proxy: Proxy(), setWindowRect: true, strictFileInteractability: false, timeouts: {implicit: 0, pageLoad: 300000, script: 30000}, unhandledPromptBehavior: dismiss and notify, userAgent: Mozilla/5.0 (X11; Linux x86...}&#10;Session ID: a13d7b31-7fe7-43cb-9c78-a9ed13fd311f" type="org.openqa.selenium.WebDriverException"><![CDATA[org.openqa.selenium.WebDriverException: 
Reached error page: about:neterror?e=connectionFailure&u=http%3A//localhost%3A8000/users/delete/all&c=UTF-8&d=Firefox%20can%E2%80%99t%20establish%20a%20connection%20to%20the%20server%20at%20localhost%3A8000.
Build info: version: '4.44.0', revision: 'da2039b'
System info: os.name: 'Linux', os.arch: 'amd64', os.version: '6.18.12+kali-amd64', java.version: '21.0.11'
Driver info: org.openqa.selenium.firefox.FirefoxDriver
Command: [a13d7b31-7fe7-43cb-9c78-a9ed13fd311f, get {url=localhost:8000/users/delete/all}]
Capabilities {acceptInsecureCerts: true, browserName: firefox, browserVersion: 140.8.0, moz:accessibilityChecks: false, moz:buildID: 20260217105505, moz:geckodriverVersion: 0.37.0, moz:headless: false, moz:platformVersion: 6.18.12+kali-amd64, moz:processID: 76546, moz:profile: /tmp/rust_mozprofilen19qLg, moz:shutdownTimeout: 60000, moz:webdriverClick: true, moz:windowless: false, pageLoadStrategy: normal, platformName: linux, proxy: Proxy(), setWindowRect: true, strictFileInteractability: false, timeouts: {implicit: 0, pageLoad: 300000, script: 30000}, unhandledPromptBehavior: dismiss and notify, userAgent: Mozilla/5.0 (X11; Linux x86...}
Session ID: a13d7b31-7fe7-43cb-9c78-a9ed13fd311f
	at org.openqa.selenium.remote.ErrorCodec.decode(ErrorCodec.java:169)
	at org.openqa.selenium.remote.codec.w3c.W3CHttpResponseCodec.decode(W3CHttpResponseCodec.java:143)
	at org.openqa.selenium.remote.codec.w3c.W3CHttpResponseCodec.decode(W3CHttpResponseCodec.java:50)
	at org.openqa.selenium.remote.HttpCommandExecutor.execute(HttpCommandExecutor.java:224)
	at org.openqa.selenium.remote.service.DriverCommandExecutor.invokeExecute(DriverCommandExecutor.java:217)
	at org.openqa.selenium.remote.service.DriverCommandExecutor.execute(DriverCommandExecutor.java:175)
	at org.openqa.selenium.remote.RemoteWebDriver.execute(RemoteWebDriver.java:600)
	at org.openqa.selenium.remote.RemoteWebDriver.get(RemoteWebDriver.java:366)
	at com.webapp.WebAppTest.init(WebAppTest.java:143)
	at java.base/java.lang.reflect.Method.invoke(Method.java:580)
	at java.base/java.util.ArrayList.forEach(ArrayList.java:1596)
	at java.base/java.util.ArrayList.forEach(ArrayList.java:1596)
]]></error>
  </testcase>
  <testcase name="deveFalharAoTentarCriarUsuarioComEmailExistente" classname="com.webapp.WebAppTest" time="0.087">
    <error message="Reached error page: about:neterror?e=connectionFailure&amp;u=http%3A//localhost%3A8000/users/delete/all&amp;c=UTF-8&amp;d=Firefox%20can%E2%80%99t%20establish%20a%20connection%20to%20the%20server%20at%20localhost%3A8000.&#10;Build info: version: &apos;4.44.0&apos;, revision: &apos;da2039b&apos;&#10;System info: os.name: &apos;Linux&apos;, os.arch: &apos;amd64&apos;, os.version: &apos;6.18.12+kali-amd64&apos;, java.version: &apos;21.0.11&apos;&#10;Driver info: org.openqa.selenium.firefox.FirefoxDriver&#10;Command: [a13d7b31-7fe7-43cb-9c78-a9ed13fd311f, get {url=localhost:8000/users/delete/all}]&#10;Capabilities {acceptInsecureCerts: true, browserName: firefox, browserVersion: 140.8.0, moz:accessibilityChecks: false, moz:buildID: 20260217105505, moz:geckodriverVersion: 0.37.0, moz:headless: false, moz:platformVersion: 6.18.12+kali-amd64, moz:processID: 76546, moz:profile: /tmp/rust_mozprofilen19qLg, moz:shutdownTimeout: 60000, moz:webdriverClick: true, moz:windowless: false, pageLoadStrategy: normal, platformName: linux, proxy: Proxy(), setWindowRect: true, strictFileInteractability: false, timeouts: {implicit: 0, pageLoad: 300000, script: 30000}, unhandledPromptBehavior: dismiss and notify, userAgent: Mozilla/5.0 (X11; Linux x86...}&#10;Session ID: a13d7b31-7fe7-43cb-9c78-a9ed13fd311f" type="org.openqa.selenium.WebDriverException"><![CDATA[org.openqa.selenium.WebDriverException: 
Reached error page: about:neterror?e=connectionFailure&u=http%3A//localhost%3A8000/users/delete/all&c=UTF-8&d=Firefox%20can%E2%80%99t%20establish%20a%20connection%20to%20the%20server%20at%20localhost%3A8000.
Build info: version: '4.44.0', revision: 'da2039b'
System info: os.name: 'Linux', os.arch: 'amd64', os.version: '6.18.12+kali-amd64', java.version: '21.0.11'
Driver info: org.openqa.selenium.firefox.FirefoxDriver
Command: [a13d7b31-7fe7-43cb-9c78-a9ed13fd311f, get {url=localhost:8000/users/delete/all}]
Capabilities {acceptInsecureCerts: true, browserName: firefox, browserVersion: 140.8.0, moz:accessibilityChecks: false, moz:buildID: 20260217105505, moz:geckodriverVersion: 0.37.0, moz:headless: false, moz:platformVersion: 6.18.12+kali-amd64, moz:processID: 76546, moz:profile: /tmp/rust_mozprofilen19qLg, moz:shutdownTimeout: 60000, moz:webdriverClick: true, moz:windowless: false, pageLoadStrategy: normal, platformName: linux, proxy: Proxy(), setWindowRect: true, strictFileInteractability: false, timeouts: {implicit: 0, pageLoad: 300000, script: 30000}, unhandledPromptBehavior: dismiss and notify, userAgent: Mozilla/5.0 (X11; Linux x86...}
Session ID: a13d7b31-7fe7-43cb-9c78-a9ed13fd311f
	at org.openqa.selenium.remote.ErrorCodec.decode(ErrorCodec.java:169)
	at org.openqa.selenium.remote.codec.w3c.W3CHttpResponseCodec.decode(W3CHttpResponseCodec.java:143)
	at org.openqa.selenium.remote.codec.w3c.W3CHttpResponseCodec.decode(W3CHttpResponseCodec.java:50)
	at org.openqa.selenium.remote.HttpCommandExecutor.execute(HttpCommandExecutor.java:224)
	at org.openqa.selenium.remote.service.DriverCommandExecutor.invokeExecute(DriverCommandExecutor.java:217)
	at org.openqa.selenium.remote.service.DriverCommandExecutor.execute(DriverCommandExecutor.java:175)
	at org.openqa.selenium.remote.RemoteWebDriver.execute(RemoteWebDriver.java:600)
	at org.openqa.selenium.remote.RemoteWebDriver.get(RemoteWebDriver.java:366)
	at com.webapp.WebAppTest.init(WebAppTest.java:143)
	at java.base/java.lang.reflect.Method.invoke(Method.java:580)
	at java.base/java.util.ArrayList.forEach(ArrayList.java:1596)
	at java.base/java.util.ArrayList.forEach(ArrayList.java:1596)
]]></error>
  </testcase>
  <testcase name="deveRetornarMensagemIndicandoParaPreencherCampoPais" classname="com.webapp.WebAppTest" time="0.078">
    <error message="Reached error page: about:neterror?e=connectionFailure&amp;u=http%3A//localhost%3A8000/users/delete/all&amp;c=UTF-8&amp;d=Firefox%20can%E2%80%99t%20establish%20a%20connection%20to%20the%20server%20at%20localhost%3A8000.&#10;Build info: version: &apos;4.44.0&apos;, revision: &apos;da2039b&apos;&#10;System info: os.name: &apos;Linux&apos;, os.arch: &apos;amd64&apos;, os.version: &apos;6.18.12+kali-amd64&apos;, java.version: &apos;21.0.11&apos;&#10;Driver info: org.openqa.selenium.firefox.FirefoxDriver&#10;Command: [a13d7b31-7fe7-43cb-9c78-a9ed13fd311f, get {url=localhost:8000/users/delete/all}]&#10;Capabilities {acceptInsecureCerts: true, browserName: firefox, browserVersion: 140.8.0, moz:accessibilityChecks: false, moz:buildID: 20260217105505, moz:geckodriverVersion: 0.37.0, moz:headless: false, moz:platformVersion: 6.18.12+kali-amd64, moz:processID: 76546, moz:profile: /tmp/rust_mozprofilen19qLg, moz:shutdownTimeout: 60000, moz:webdriverClick: true, moz:windowless: false, pageLoadStrategy: normal, platformName: linux, proxy: Proxy(), setWindowRect: true, strictFileInteractability: false, timeouts: {implicit: 0, pageLoad: 300000, script: 30000}, unhandledPromptBehavior: dismiss and notify, userAgent: Mozilla/5.0 (X11; Linux x86...}&#10;Session ID: a13d7b31-7fe7-43cb-9c78-a9ed13fd311f" type="org.openqa.selenium.WebDriverException"><![CDATA[org.openqa.selenium.WebDriverException: 
Reached error page: about:neterror?e=connectionFailure&u=http%3A//localhost%3A8000/users/delete/all&c=UTF-8&d=Firefox%20can%E2%80%99t%20establish%20a%20connection%20to%20the%20server%20at%20localhost%3A8000.
Build info: version: '4.44.0', revision: 'da2039b'
System info: os.name: 'Linux', os.arch: 'amd64', os.version: '6.18.12+kali-amd64', java.version: '21.0.11'
Driver info: org.openqa.selenium.firefox.FirefoxDriver
Command: [a13d7b31-7fe7-43cb-9c78-a9ed13fd311f, get {url=localhost:8000/users/delete/all}]
Capabilities {acceptInsecureCerts: true, browserName: firefox, browserVersion: 140.8.0, moz:accessibilityChecks: false, moz:buildID: 20260217105505, moz:geckodriverVersion: 0.37.0, moz:headless: false, moz:platformVersion: 6.18.12+kali-amd64, moz:processID: 76546, moz:profile: /tmp/rust_mozprofilen19qLg, moz:shutdownTimeout: 60000, moz:webdriverClick: true, moz:windowless: false, pageLoadStrategy: normal, platformName: linux, proxy: Proxy(), setWindowRect: true, strictFileInteractability: false, timeouts: {implicit: 0, pageLoad: 300000, script: 30000}, unhandledPromptBehavior: dismiss and notify, userAgent: Mozilla/5.0 (X11; Linux x86...}
Session ID: a13d7b31-7fe7-43cb-9c78-a9ed13fd311f
	at org.openqa.selenium.remote.ErrorCodec.decode(ErrorCodec.java:169)
	at org.openqa.selenium.remote.codec.w3c.W3CHttpResponseCodec.decode(W3CHttpResponseCodec.java:143)
	at org.openqa.selenium.remote.codec.w3c.W3CHttpResponseCodec.decode(W3CHttpResponseCodec.java:50)
	at org.openqa.selenium.remote.HttpCommandExecutor.execute(HttpCommandExecutor.java:224)
	at org.openqa.selenium.remote.service.DriverCommandExecutor.invokeExecute(DriverCommandExecutor.java:217)
	at org.openqa.selenium.remote.service.DriverCommandExecutor.execute(DriverCommandExecutor.java:175)
	at org.openqa.selenium.remote.RemoteWebDriver.execute(RemoteWebDriver.java:600)
	at org.openqa.selenium.remote.RemoteWebDriver.get(RemoteWebDriver.java:366)
	at com.webapp.WebAppTest.init(WebAppTest.java:143)
	at java.base/java.lang.reflect.Method.invoke(Method.java:580)
	at java.base/java.util.ArrayList.forEach(ArrayList.java:1596)
	at java.base/java.util.ArrayList.forEach(ArrayList.java:1596)
]]></error>
  </testcase>
  <testcase name="deveRetornarMensagemIndicandoParaPreencherCampoNomeDeUsuario" classname="com.webapp.WebAppTest" time="0.091">
    <error message="Reached error page: about:neterror?e=connectionFailure&amp;u=http%3A//localhost%3A8000/users/delete/all&amp;c=UTF-8&amp;d=Firefox%20can%E2%80%99t%20establish%20a%20connection%20to%20the%20server%20at%20localhost%3A8000.&#10;Build info: version: &apos;4.44.0&apos;, revision: &apos;da2039b&apos;&#10;System info: os.name: &apos;Linux&apos;, os.arch: &apos;amd64&apos;, os.version: &apos;6.18.12+kali-amd64&apos;, java.version: &apos;21.0.11&apos;&#10;Driver info: org.openqa.selenium.firefox.FirefoxDriver&#10;Command: [a13d7b31-7fe7-43cb-9c78-a9ed13fd311f, get {url=localhost:8000/users/delete/all}]&#10;Capabilities {acceptInsecureCerts: true, browserName: firefox, browserVersion: 140.8.0, moz:accessibilityChecks: false, moz:buildID: 20260217105505, moz:geckodriverVersion: 0.37.0, moz:headless: false, moz:platformVersion: 6.18.12+kali-amd64, moz:processID: 76546, moz:profile: /tmp/rust_mozprofilen19qLg, moz:shutdownTimeout: 60000, moz:webdriverClick: true, moz:windowless: false, pageLoadStrategy: normal, platformName: linux, proxy: Proxy(), setWindowRect: true, strictFileInteractability: false, timeouts: {implicit: 0, pageLoad: 300000, script: 30000}, unhandledPromptBehavior: dismiss and notify, userAgent: Mozilla/5.0 (X11; Linux x86...}&#10;Session ID: a13d7b31-7fe7-43cb-9c78-a9ed13fd311f" type="org.openqa.selenium.WebDriverException"><![CDATA[org.openqa.selenium.WebDriverException: 
Reached error page: about:neterror?e=connectionFailure&u=http%3A//localhost%3A8000/users/delete/all&c=UTF-8&d=Firefox%20can%E2%80%99t%20establish%20a%20connection%20to%20the%20server%20at%20localhost%3A8000.
Build info: version: '4.44.0', revision: 'da2039b'
System info: os.name: 'Linux', os.arch: 'amd64', os.version: '6.18.12+kali-amd64', java.version: '21.0.11'
Driver info: org.openqa.selenium.firefox.FirefoxDriver
Command: [a13d7b31-7fe7-43cb-9c78-a9ed13fd311f, get {url=localhost:8000/users/delete/all}]
Capabilities {acceptInsecureCerts: true, browserName: firefox, browserVersion: 140.8.0, moz:accessibilityChecks: false, moz:buildID: 20260217105505, moz:geckodriverVersion: 0.37.0, moz:headless: false, moz:platformVersion: 6.18.12+kali-amd64, moz:processID: 76546, moz:profile: /tmp/rust_mozprofilen19qLg, moz:shutdownTimeout: 60000, moz:webdriverClick: true, moz:windowless: false, pageLoadStrategy: normal, platformName: linux, proxy: Proxy(), setWindowRect: true, strictFileInteractability: false, timeouts: {implicit: 0, pageLoad: 300000, script: 30000}, unhandledPromptBehavior: dismiss and notify, userAgent: Mozilla/5.0 (X11; Linux x86...}
Session ID: a13d7b31-7fe7-43cb-9c78-a9ed13fd311f
	at org.openqa.selenium.remote.ErrorCodec.decode(ErrorCodec.java:169)
	at org.openqa.selenium.remote.codec.w3c.W3CHttpResponseCodec.decode(W3CHttpResponseCodec.java:143)
	at org.openqa.selenium.remote.codec.w3c.W3CHttpResponseCodec.decode(W3CHttpResponseCodec.java:50)
	at org.openqa.selenium.remote.HttpCommandExecutor.execute(HttpCommandExecutor.java:224)
	at org.openqa.selenium.remote.service.DriverCommandExecutor.invokeExecute(DriverCommandExecutor.java:217)
	at org.openqa.selenium.remote.service.DriverCommandExecutor.execute(DriverCommandExecutor.java:175)
	at org.openqa.selenium.remote.RemoteWebDriver.execute(RemoteWebDriver.java:600)
	at org.openqa.selenium.remote.RemoteWebDriver.get(RemoteWebDriver.java:366)
	at com.webapp.WebAppTest.init(WebAppTest.java:143)
	at java.base/java.lang.reflect.Method.invoke(Method.java:580)
	at java.base/java.util.ArrayList.forEach(ArrayList.java:1596)
	at java.base/java.util.ArrayList.forEach(ArrayList.java:1596)
]]></error>
  </testcase>
  <testcase name="deveRetornarMensagemIndicandoParaPreencherCampoDataDeNascimento" classname="com.webapp.WebAppTest" time="0.09">
    <error message="Reached error page: about:neterror?e=connectionFailure&amp;u=http%3A//localhost%3A8000/users/delete/all&amp;c=UTF-8&amp;d=Firefox%20can%E2%80%99t%20establish%20a%20connection%20to%20the%20server%20at%20localhost%3A8000.&#10;Build info: version: &apos;4.44.0&apos;, revision: &apos;da2039b&apos;&#10;System info: os.name: &apos;Linux&apos;, os.arch: &apos;amd64&apos;, os.version: &apos;6.18.12+kali-amd64&apos;, java.version: &apos;21.0.11&apos;&#10;Driver info: org.openqa.selenium.firefox.FirefoxDriver&#10;Command: [a13d7b31-7fe7-43cb-9c78-a9ed13fd311f, get {url=localhost:8000/users/delete/all}]&#10;Capabilities {acceptInsecureCerts: true, browserName: firefox, browserVersion: 140.8.0, moz:accessibilityChecks: false, moz:buildID: 20260217105505, moz:geckodriverVersion: 0.37.0, moz:headless: false, moz:platformVersion: 6.18.12+kali-amd64, moz:processID: 76546, moz:profile: /tmp/rust_mozprofilen19qLg, moz:shutdownTimeout: 60000, moz:webdriverClick: true, moz:windowless: false, pageLoadStrategy: normal, platformName: linux, proxy: Proxy(), setWindowRect: true, strictFileInteractability: false, timeouts: {implicit: 0, pageLoad: 300000, script: 30000}, unhandledPromptBehavior: dismiss and notify, userAgent: Mozilla/5.0 (X11; Linux x86...}&#10;Session ID: a13d7b31-7fe7-43cb-9c78-a9ed13fd311f" type="org.openqa.selenium.WebDriverException"><![CDATA[org.openqa.selenium.WebDriverException: 
Reached error page: about:neterror?e=connectionFailure&u=http%3A//localhost%3A8000/users/delete/all&c=UTF-8&d=Firefox%20can%E2%80%99t%20establish%20a%20connection%20to%20the%20server%20at%20localhost%3A8000.
Build info: version: '4.44.0', revision: 'da2039b'
System info: os.name: 'Linux', os.arch: 'amd64', os.version: '6.18.12+kali-amd64', java.version: '21.0.11'
Driver info: org.openqa.selenium.firefox.FirefoxDriver
Command: [a13d7b31-7fe7-43cb-9c78-a9ed13fd311f, get {url=localhost:8000/users/delete/all}]
Capabilities {acceptInsecureCerts: true, browserName: firefox, browserVersion: 140.8.0, moz:accessibilityChecks: false, moz:buildID: 20260217105505, moz:geckodriverVersion: 0.37.0, moz:headless: false, moz:platformVersion: 6.18.12+kali-amd64, moz:processID: 76546, moz:profile: /tmp/rust_mozprofilen19qLg, moz:shutdownTimeout: 60000, moz:webdriverClick: true, moz:windowless: false, pageLoadStrategy: normal, platformName: linux, proxy: Proxy(), setWindowRect: true, strictFileInteractability: false, timeouts: {implicit: 0, pageLoad: 300000, script: 30000}, unhandledPromptBehavior: dismiss and notify, userAgent: Mozilla/5.0 (X11; Linux x86...}
Session ID: a13d7b31-7fe7-43cb-9c78-a9ed13fd311f
	at org.openqa.selenium.remote.ErrorCodec.decode(ErrorCodec.java:169)
	at org.openqa.selenium.remote.codec.w3c.W3CHttpResponseCodec.decode(W3CHttpResponseCodec.java:143)
	at org.openqa.selenium.remote.codec.w3c.W3CHttpResponseCodec.decode(W3CHttpResponseCodec.java:50)
	at org.openqa.selenium.remote.HttpCommandExecutor.execute(HttpCommandExecutor.java:224)
	at org.openqa.selenium.remote.service.DriverCommandExecutor.invokeExecute(DriverCommandExecutor.java:217)
	at org.openqa.selenium.remote.service.DriverCommandExecutor.execute(DriverCommandExecutor.java:175)
	at org.openqa.selenium.remote.RemoteWebDriver.execute(RemoteWebDriver.java:600)
	at org.openqa.selenium.remote.RemoteWebDriver.get(RemoteWebDriver.java:366)
	at com.webapp.WebAppTest.init(WebAppTest.java:143)
	at java.base/java.lang.reflect.Method.invoke(Method.java:580)
	at java.base/java.util.ArrayList.forEach(ArrayList.java:1596)
	at java.base/java.util.ArrayList.forEach(ArrayList.java:1596)
]]></error>
  </testcase>
  <testcase name="deveRetornarMensagemIndicandoParaPreencherCampoCidade" classname="com.webapp.WebAppTest" time="0.081">
    <error message="Reached error page: about:neterror?e=connectionFailure&amp;u=http%3A//localhost%3A8000/users/delete/all&amp;c=UTF-8&amp;d=Firefox%20can%E2%80%99t%20establish%20a%20connection%20to%20the%20server%20at%20localhost%3A8000.&#10;Build info: version: &apos;4.44.0&apos;, revision: &apos;da2039b&apos;&#10;System info: os.name: &apos;Linux&apos;, os.arch: &apos;amd64&apos;, os.version: &apos;6.18.12+kali-amd64&apos;, java.version: &apos;21.0.11&apos;&#10;Driver info: org.openqa.selenium.firefox.FirefoxDriver&#10;Command: [a13d7b31-7fe7-43cb-9c78-a9ed13fd311f, get {url=localhost:8000/users/delete/all}]&#10;Capabilities {acceptInsecureCerts: true, browserName: firefox, browserVersion: 140.8.0, moz:accessibilityChecks: false, moz:buildID: 20260217105505, moz:geckodriverVersion: 0.37.0, moz:headless: false, moz:platformVersion: 6.18.12+kali-amd64, moz:processID: 76546, moz:profile: /tmp/rust_mozprofilen19qLg, moz:shutdownTimeout: 60000, moz:webdriverClick: true, moz:windowless: false, pageLoadStrategy: normal, platformName: linux, proxy: Proxy(), setWindowRect: true, strictFileInteractability: false, timeouts: {implicit: 0, pageLoad: 300000, script: 30000}, unhandledPromptBehavior: dismiss and notify, userAgent: Mozilla/5.0 (X11; Linux x86...}&#10;Session ID: a13d7b31-7fe7-43cb-9c78-a9ed13fd311f" type="org.openqa.selenium.WebDriverException"><![CDATA[org.openqa.selenium.WebDriverException: 
Reached error page: about:neterror?e=connectionFailure&u=http%3A//localhost%3A8000/users/delete/all&c=UTF-8&d=Firefox%20can%E2%80%99t%20establish%20a%20connection%20to%20the%20server%20at%20localhost%3A8000.
Build info: version: '4.44.0', revision: 'da2039b'
System info: os.name: 'Linux', os.arch: 'amd64', os.version: '6.18.12+kali-amd64', java.version: '21.0.11'
Driver info: org.openqa.selenium.firefox.FirefoxDriver
Command: [a13d7b31-7fe7-43cb-9c78-a9ed13fd311f, get {url=localhost:8000/users/delete/all}]
Capabilities {acceptInsecureCerts: true, browserName: firefox, browserVersion: 140.8.0, moz:accessibilityChecks: false, moz:buildID: 20260217105505, moz:geckodriverVersion: 0.37.0, moz:headless: false, moz:platformVersion: 6.18.12+kali-amd64, moz:processID: 76546, moz:profile: /tmp/rust_mozprofilen19qLg, moz:shutdownTimeout: 60000, moz:webdriverClick: true, moz:windowless: false, pageLoadStrategy: normal, platformName: linux, proxy: Proxy(), setWindowRect: true, strictFileInteractability: false, timeouts: {implicit: 0, pageLoad: 300000, script: 30000}, unhandledPromptBehavior: dismiss and notify, userAgent: Mozilla/5.0 (X11; Linux x86...}
Session ID: a13d7b31-7fe7-43cb-9c78-a9ed13fd311f
	at org.openqa.selenium.remote.ErrorCodec.decode(ErrorCodec.java:169)
	at org.openqa.selenium.remote.codec.w3c.W3CHttpResponseCodec.decode(W3CHttpResponseCodec.java:143)
	at org.openqa.selenium.remote.codec.w3c.W3CHttpResponseCodec.decode(W3CHttpResponseCodec.java:50)
	at org.openqa.selenium.remote.HttpCommandExecutor.execute(HttpCommandExecutor.java:224)
	at org.openqa.selenium.remote.service.DriverCommandExecutor.invokeExecute(DriverCommandExecutor.java:217)
	at org.openqa.selenium.remote.service.DriverCommandExecutor.execute(DriverCommandExecutor.java:175)
	at org.openqa.selenium.remote.RemoteWebDriver.execute(RemoteWebDriver.java:600)
	at org.openqa.selenium.remote.RemoteWebDriver.get(RemoteWebDriver.java:366)
	at com.webapp.WebAppTest.init(WebAppTest.java:143)
	at java.base/java.lang.reflect.Method.invoke(Method.java:580)
	at java.base/java.util.ArrayList.forEach(ArrayList.java:1596)
	at java.base/java.util.ArrayList.forEach(ArrayList.java:1596)
]]></error>
  </testcase>
</testsuite>